0 info it worked if it ends with ok
1 verbose cli [ 'C:\\Program Files\\nodejs\\node.exe',
1 verbose cli   'C:\\Program Files\\nodejs\\node_modules\\npm\\bin\\npm-cli.js',
1 verbose cli   'start' ]
2 info using npm@3.10.10
3 info using node@v6.10.3
4 verbose run-script [ 'prestart', 'start', 'poststart' ]
5 info lifecycle whatsapp@~prestart: whatsapp@
6 silly lifecycle whatsapp@~prestart: no script for prestart, continuing
7 info lifecycle whatsapp@~start: whatsapp@
8 verbose lifecycle whatsapp@~start: unsafe-perm in lifecycle true
9 verbose lifecycle whatsapp@~start: PATH: C:\Program Files\nodejs\node_modules\npm\bin\node-gyp-bin;C:\Users\Alpha_S\Desktop\whatsapp\node_modules\.bin;C:\oraclexe\app\oracle\product\11.2.0\server\bin;C:\Program Files\Common Files\Microsoft Shared\Windows Live;C:\Program Files (x86)\Common Files\Microsoft Shared\Windows Live;C:\ProgramData\Oracle\Java\javapath;C:\Program Files\Haskell\bin;C:\Program Files\Haskell Platform\7.10.2-a\lib\extralibs\bin;C:\Program Files\Haskell Platform\7.10.2-a\bin;C:\Program Files (x86)\Intel\iCLS Client\;C:\Program Files\Intel\iCLS Client\;C:\Windows\system32;C:\Windows;C:\Windows\System32\Wbem;C:\Windows\System32\WindowsPowerShell\v1.0\;C:\Program Files\Intel\Intel(R) Management Engine Components\DAL;C:\Program Files (x86)\Intel\Intel(R) Management Engine Components\DAL;C:\Program Files\Intel\Intel(R) Management Engine Components\IPT;C:\Program Files (x86)\Intel\Intel(R) Management Engine Components\IPT;C:\Program Files\Intel\WiFi\bin\;C:\Program Files\Common Files\Intel\WirelessCommon\;C:\Program Files\Haskell Platform\7.10.2-a\mingw\bin;C:\Program Files (x86)\Microsoft ASP.NET\ASP.NET Web Pages\v1.0\;C:\Program Files\Microsoft SQL Server\110\Tools\Binn\;C:\Program Files (x86)\Windows Kits\8.0\Windows Performance Toolkit\;C:\Program Files\Microsoft\Web Platform Installer\;C:\Program Files (x86)\Windows Live\Shared;C:\Program Files (x86)\Brackets\command;C:\Program Files\Git\cmd;C:\Program Files\Git\mingw64\bin;C:\Program Files\Git\usr\bin;C:\Program Files\nodejs\;C:\Users\Alpha_S\AppData\Roaming\cabal\bin;C:\Users\Alpha_S\AppData\Local\atom\bin;C:\Program Files (x86)\Microsoft VS Code\bin;C:\Users\Alpha_S\AppData\Local\.meteor\;C:\Users\Alpha_S\AppData\Roaming\npm
10 verbose lifecycle whatsapp@~start: CWD: C:\Users\Alpha_S\Desktop\whatsapp
11 silly lifecycle whatsapp@~start: Args: [ '/d /s /c', 'meteor run --settings private/settings.json' ]
12 silly lifecycle whatsapp@~start: Returned: code: 1  signal: null
13 info lifecycle whatsapp@~start: Failed to exec start script
14 verbose stack Error: whatsapp@ start: `meteor run --settings private/settings.json`
14 verbose stack Exit status 1
14 verbose stack     at EventEmitter.<anonymous> (C:\Program Files\nodejs\node_modules\npm\lib\utils\lifecycle.js:255:16)
14 verbose stack     at emitTwo (events.js:106:13)
14 verbose stack     at EventEmitter.emit (events.js:191:7)
14 verbose stack     at ChildProcess.<anonymous> (C:\Program Files\nodejs\node_modules\npm\lib\utils\spawn.js:40:14)
14 verbose stack     at emitTwo (events.js:106:13)
14 verbose stack     at ChildProcess.emit (events.js:191:7)
14 verbose stack     at maybeClose (internal/child_process.js:886:16)
14 verbose stack     at Process.ChildProcess._handle.onexit (internal/child_process.js:226:5)
15 verbose pkgid whatsapp@
16 verbose cwd C:\Users\Alpha_S\Desktop\whatsapp
17 error Windows_NT 6.1.7601
18 error argv "C:\\Program Files\\nodejs\\node.exe" "C:\\Program Files\\nodejs\\node_modules\\npm\\bin\\npm-cli.js" "start"
19 error node v6.10.3
20 error npm  v3.10.10
21 error code ELIFECYCLE
22 error whatsapp@ start: `meteor run --settings private/settings.json`
22 error Exit status 1
23 error Failed at the whatsapp@ start script 'meteor run --settings private/settings.json'.
23 error Make sure you have the latest version of node.js and npm installed.
23 error If you do, this is most likely a problem with the whatsapp package,
23 error not with npm itself.
23 error Tell the author that this fails on your system:
23 error     meteor run --settings private/settings.json
23 error You can get information on how to open an issue for this project with:
23 error     npm bugs whatsapp
23 error Or if that isn't available, you can get their info via:
23 error     npm owner ls whatsapp
23 error There is likely additional logging output above.
24 verbose exit [ 1, true ]
